Using pre-set license
Built from '2022.3/staging' branch; Version is '2022.3.19f1 (244b723c30a6) revision 2378610'; Using compiler version '192829333'; Build Type 'Release'
OS: 'Windows 11  (10.0.22631) 64bit Core' Language: 'en' Physical Memory: 16088 MB
BatchMode: 1, IsHumanControllingUs: 0, StartBugReporterOnCrash: 0, Is64bit: 1, IsPro: 1

COMMAND LINE ARGUMENTS:
C:\Unity\2022.3.19f1\Editor\Unity.exe
-adb2
-batchMode
-noUpm
-name
AssetImportWorker2
-projectPath
C:/UnityProjects/CGE401-TeamProject/Midnight Heist
-logFile
Logs/AssetImportWorker2.log
-srvPort
64487
Successfully changed project path to: C:/UnityProjects/CGE401-TeamProject/Midnight Heist
C:/UnityProjects/CGE401-TeamProject/Midnight Heist
[UnityMemory] Configuration Parameters - Can be set up in boot.config
    "memorysetup-bucket-allocator-granularity=16"
    "memorysetup-bucket-allocator-bucket-count=8"
    "memorysetup-bucket-allocator-block-size=33554432"
    "memorysetup-bucket-allocator-block-count=8"
    "memorysetup-main-allocator-block-size=16777216"
    "memorysetup-thread-allocator-block-size=16777216"
    "memorysetup-gfx-main-allocator-block-size=16777216"
    "memorysetup-gfx-thread-allocator-block-size=16777216"
    "memorysetup-cache-allocator-block-size=4194304"
    "memorysetup-typetree-allocator-block-size=2097152"
    "memorysetup-profiler-bucket-allocator-granularity=16"
    "memorysetup-profiler-bucket-allocator-bucket-count=8"
    "memorysetup-profiler-bucket-allocator-block-size=33554432"
    "memorysetup-profiler-bucket-allocator-block-count=8"
    "memorysetup-profiler-allocator-block-size=16777216"
    "memorysetup-profiler-editor-allocator-block-size=1048576"
    "memorysetup-temp-allocator-size-main=16777216"
    "memorysetup-job-temp-allocator-block-size=2097152"
    "memorysetup-job-temp-allocator-block-size-background=1048576"
    "memorysetup-job-temp-allocator-reduction-small-platforms=262144"
    "memorysetup-allocator-temp-initial-block-size-main=262144"
    "memorysetup-allocator-temp-initial-block-size-worker=262144"
    "memorysetup-temp-allocator-size-background-worker=32768"
    "memorysetup-temp-allocator-size-job-worker=262144"
    "memorysetup-temp-allocator-size-preload-manager=33554432"
    "memorysetup-temp-allocator-size-nav-mesh-worker=65536"
    "memorysetup-temp-allocator-size-audio-worker=65536"
    "memorysetup-temp-allocator-size-cloud-worker=32768"
    "memorysetup-temp-allocator-size-gi-baking-worker=262144"
    "memorysetup-temp-allocator-size-gfx=262144"
Player connection [10768] Host "[IP] 192.168.0.57 [Port] 0 [Flags] 2 [Guid] 1561161650 [EditorId] 1561161650 [Version] 1048832 [Id] WindowsEditor(7,SilverSwift) [Debug] 1 [PackageName] WindowsEditor [ProjectName] Editor" joined multi-casting on [225.0.0.222:54997]...

Player connection [10768] Host "[IP] 192.168.0.57 [Port] 0 [Flags] 2 [Guid] 1561161650 [EditorId] 1561161650 [Version] 1048832 [Id] WindowsEditor(7,SilverSwift) [Debug] 1 [PackageName] WindowsEditor [ProjectName] Editor" joined alternative multi-casting on [225.0.0.222:34997]...

[Physics::Module] Initialized MultithreadedJobDispatcher with 15 workers.
Refreshing native plugins compatible for Editor in 14.88 ms, found 3 plugins.
Preloading 0 native plugins for Editor in 0.00 ms.
Initialize engine version: 2022.3.19f1 (244b723c30a6)
[Subsystems] Discovering subsystems at path C:/Unity/2022.3.19f1/Editor/Data/Resources/UnitySubsystems
[Subsystems] Discovering subsystems at path C:/UnityProjects/CGE401-TeamProject/Midnight Heist/Assets
GfxDevice: creating device client; threaded=0; jobified=0
Direct3D:
    Version:  Direct3D 11.0 [level 11.1]
    Renderer: Intel(R) Arc(TM) A370M Graphics (ID=0x5693)
    Vendor:   Intel
    VRAM:     4018 MB
    Driver:   31.0.101.4575
Initialize mono
Mono path[0] = 'C:/Unity/2022.3.19f1/Editor/Data/Managed'
Mono path[1] = 'C:/Unity/2022.3.19f1/Editor/Data/MonoBleedingEdge/lib/mono/unityjit-win32'
Mono config path = 'C:/Unity/2022.3.19f1/Editor/Data/MonoBleedingEdge/etc'
Using monoOptions --debugger-agent=transport=dt_socket,embedding=1,server=y,suspend=n,address=127.0.0.1:56948
Begin MonoManager ReloadAssembly
Registering precompiled unity dll's ...
Register platform support module: C:/Unity/2022.3.19f1/Editor/Data/PlaybackEngines/WebGLSupport/UnityEditor.WebGL.Extensions.dll
Register platform support module: C:/Unity/2022.3.19f1/Editor/Data/PlaybackEngines/WindowsStandaloneSupport/UnityEditor.WindowsStandalone.Extensions.dll
Registered in 0.013707 seconds.
- Loaded All Assemblies, in  0.559 seconds
Native extension for WindowsStandalone target not found
Native extension for WebGL target not found
Mono: successfully reloaded assembly
- Finished resetting the current domain, in  0.424 seconds
Domain Reload Profiling: 980ms
	BeginReloadAssembly (165ms)
		ExecutionOrderSort (0ms)
		DisableScriptedObjects (0ms)
		BackupInstance (0ms)
		ReleaseScriptingObjects (0ms)
		CreateAndSetChildDomain (1ms)
	RebuildCommonClasses (49ms)
	RebuildNativeTypeToScriptingClass (29ms)
	initialDomainReloadingComplete (90ms)
	LoadAllAssembliesAndSetupDomain (223ms)
		LoadAssemblies (163ms)
		RebuildTransferFunctionScriptingTraits (0ms)
		AnalyzeDomain (219ms)
			TypeCache.Refresh (217ms)
				TypeCache.ScanAssembly (198ms)
			ScanForSourceGeneratedMonoScriptInfo (1ms)
			ResolveRequiredComponents (1ms)
	FinalizeReload (424ms)
		ReleaseScriptCaches (0ms)
		RebuildScriptCaches (0ms)
		SetupLoadedEditorAssemblies (331ms)
			LogAssemblyErrors (0ms)
			InitializePlatformSupportModulesInManaged (13ms)
			SetLoadedEditorAssemblies (8ms)
			RefreshPlugins (0ms)
			BeforeProcessingInitializeOnLoad (3ms)
			ProcessInitializeOnLoadAttributes (240ms)
			ProcessInitializeOnLoadMethodAttributes (68ms)
			AfterProcessingInitializeOnLoad (0ms)
			EditorAssembliesLoaded (0ms)
		ExecutionOrderSort2 (0ms)
		AwakeInstancesAfterBackupRestoration (0ms)
========================================================================
Worker process is ready to serve import requests
Begin MonoManager ReloadAssembly
- Loaded All Assemblies, in  1.006 seconds
Refreshing native plugins compatible for Editor in 5.53 ms, found 3 plugins.
Native extension for WindowsStandalone target not found
Native extension for WebGL target not found
Package Manager log level set to [2]
[Package Manager] Server::EnsureServerProcessIsRunning -- launch failed, reason: Unity was launched with the -noUpm command-line argument
[Package Manager] UpmClient::Send -- Unable to send message (not connected to UPM process).
[Package Manager] Cannot connect to Unity Package Manager local server
Mono: successfully reloaded assembly
- Finished resetting the current domain, in  1.024 seconds
Domain Reload Profiling: 2026ms
	BeginReloadAssembly (275ms)
		ExecutionOrderSort (0ms)
		DisableScriptedObjects (8ms)
		BackupInstance (0ms)
		ReleaseScriptingObjects (0ms)
		CreateAndSetChildDomain (34ms)
	RebuildCommonClasses (45ms)
	RebuildNativeTypeToScriptingClass (15ms)
	initialDomainReloadingComplete (71ms)
	LoadAllAssembliesAndSetupDomain (596ms)
		LoadAssemblies (498ms)
		RebuildTransferFunctionScriptingTraits (0ms)
		AnalyzeDomain (267ms)
			TypeCache.Refresh (233ms)
				TypeCache.ScanAssembly (211ms)
			ScanForSourceGeneratedMonoScriptInfo (23ms)
			ResolveRequiredComponents (9ms)
	FinalizeReload (1025ms)
		ReleaseScriptCaches (0ms)
		RebuildScriptCaches (0ms)
		SetupLoadedEditorAssemblies (761ms)
			LogAssemblyErrors (0ms)
			InitializePlatformSupportModulesInManaged (9ms)
			SetLoadedEditorAssemblies (4ms)
			RefreshPlugins (0ms)
			BeforeProcessingInitializeOnLoad (95ms)
			ProcessInitializeOnLoadAttributes (612ms)
			ProcessInitializeOnLoadMethodAttributes (35ms)
			AfterProcessingInitializeOnLoad (6ms)
			EditorAssembliesLoaded (0ms)
		ExecutionOrderSort2 (0ms)
		AwakeInstancesAfterBackupRestoration (10ms)
Launched and connected shader compiler UnityShaderCompiler.exe after 0.10 seconds
Refreshing native plugins compatible for Editor in 6.55 ms, found 3 plugins.
Preloading 0 native plugins for Editor in 0.00 ms.
Unloading 3104 Unused Serialized files (Serialized files now loaded: 0)
Unloading 32 unused Assets / (56.9 KB). Loaded Objects now: 3566.
Memory consumption went from 142.4 MB to 142.4 MB.
Total: 5.255200 ms (FindLiveObjects: 0.396700 ms CreateObjectMapping: 0.153700 ms MarkObjects: 4.534800 ms  DeleteObjects: 0.167900 ms)

AssetImportParameters requested are different than current active one (requested -> active):
  custom:container-demuxer-ogg: 62fdf1f143b41e24485cea50d1cbac27 -> 
  custom:video-decoder-ogg-theora: a1e56fd34408186e4bbccfd4996cb3dc -> 
  custom:framework-win-MediaFoundation: 216162199b28c13a410421893ffa2e32 -> 
  custom:CustomObjectIndexerAttribute: 6d391050e5a25f67b0a2c618074f2cd9 -> 
  custom:container-demuxer-webm: 4f35f7cbe854078d1ac9338744f61a02 -> 
  custom:container-muxer-webm: aa71ff27fc2769a1b78a27578f13a17b -> 
  custom:video-decoder-webm-vp8: 9c59270c3fd7afecdb556c50c9e8de78 -> 
  custom:SearchIndexIgnoredProperties: e643bd26f0fe6173181afceb89e7c659 -> 
  custom:AudioImporter_EditorPlatform: d09bf68614088b80899f8185d706f6e7 -> 
  custom:video-encoder-webm-vp8: eb34c28f22e8b96e1ab97ce403110664 -> 
  custom:audio-decoder-ogg-vorbis: bf7c407c2cedff20999df2af8eb42d56 -> 
  custom:audio-encoder-webm-vorbis: bf7c407c2cedff20999df2af8eb42d56 -> 
========================================================================
Received Import Request.
  Time since last request: 458171.823074 seconds.
  path: Assets/Polytope Studio/Lowpoly_Demos/Armors_Free_Pack/Helpers/New Terrain.asset
  artifactKey: Guid(00fbea2f54cec4b49beed28c2759f820) Importer(2089858483,0ecaa5967403d082aa24f35e1b516d23)
Start importing Assets/Polytope Studio/Lowpoly_Demos/Armors_Free_Pack/Helpers/New Terrain.asset using Guid(00fbea2f54cec4b49beed28c2759f820) Importer(2089858483,0ecaa5967403d082aa24f35e1b516d23) Generated GUIDs only implemented for interfaces!
 -> (artifact id: '3976f825f8297e123ea6f7a7f30202ba') in 0.233050 seconds
Number of updated asset objects reloaded before import = 0
Number of asset objects unloaded after import = 63
========================================================================
Received Import Request.
  Time since last request: 0.000041 seconds.
  path: Assets/Medieval Castle/Art/Model/Materials/DoorsWindowsTexture.mat
  artifactKey: Guid(236df0a5ee228a642849d2fb6276bb84) Importer(2089858483,0ecaa5967403d082aa24f35e1b516d23)
Start importing Assets/Medieval Castle/Art/Model/Materials/DoorsWindowsTexture.mat using Guid(236df0a5ee228a642849d2fb6276bb84) Importer(2089858483,0ecaa5967403d082aa24f35e1b516d23) Generated GUIDs only implemented for interfaces!
 -> (artifact id: 'fb804e5d6aede66de2c13f6da914c40b') in 0.056689 seconds
Number of updated asset objects reloaded before import = 0
Number of asset objects unloaded after import = 2
========================================================================
Received Import Request.
  Time since last request: 0.000038 seconds.
  path: Assets/Medieval Castle/Art/Model/Materials/CasaBTextura.mat
  artifactKey: Guid(181cebfd5be393846848e4410aae15bc) Importer(2089858483,0ecaa5967403d082aa24f35e1b516d23)
Start importing Assets/Medieval Castle/Art/Model/Materials/CasaBTextura.mat using Guid(181cebfd5be393846848e4410aae15bc) Importer(2089858483,0ecaa5967403d082aa24f35e1b516d23) Generated GUIDs only implemented for interfaces!
 -> (artifact id: '6c31ee24b7de07efb1d425c08b0ee4d9') in 0.025050 seconds
Number of updated asset objects reloaded before import = 0
Number of asset objects unloaded after import = 2
========================================================================
Received Import Request.
  Time since last request: 0.000027 seconds.
  path: Assets/Medieval Castle/Art/Model/Tower A.fbx
  artifactKey: Guid(57a04a7dff8956f4299182fd6145b5b5) Importer(2089858483,0ecaa5967403d082aa24f35e1b516d23)
Start importing Assets/Medieval Castle/Art/Model/Tower A.fbx using Guid(57a04a7dff8956f4299182fd6145b5b5) Importer(2089858483,0ecaa5967403d082aa24f35e1b516d23) Generated GUIDs only implemented for interfaces!
 -> (artifact id: 'b0948a703f87a1f41834f25bc9608e75') in 0.075778 seconds
Number of updated asset objects reloaded before import = 0
Number of asset objects unloaded after import = 9
========================================================================
Received Import Request.
  Time since last request: 0.000026 seconds.
  path: Assets/Polytope Studio/Lowpoly_Environments/Sources/Materials/PT_Skybox_mat.mat
  artifactKey: Guid(59573b088aaea0442bf29e0a0e9d1339) Importer(2089858483,0ecaa5967403d082aa24f35e1b516d23)
Start importing Assets/Polytope Studio/Lowpoly_Environments/Sources/Materials/PT_Skybox_mat.mat using Guid(59573b088aaea0442bf29e0a0e9d1339) Importer(2089858483,0ecaa5967403d082aa24f35e1b516d23) Generated GUIDs only implemented for interfaces!
 -> (artifact id: '43b0bb831c1c0298e77e5275123e6895') in 0.058140 seconds
Number of updated asset objects reloaded before import = 0
Number of asset objects unloaded after import = 2
========================================================================
Received Import Request.
  Time since last request: 0.000038 seconds.
  path: Assets/Scenes/MainMenu.unity
  artifactKey: Guid(737077b6eb5384466b1433cf6ca99939) Importer(2089858483,0ecaa5967403d082aa24f35e1b516d23)
Start importing Assets/Scenes/MainMenu.unity using Guid(737077b6eb5384466b1433cf6ca99939) Importer(2089858483,0ecaa5967403d082aa24f35e1b516d23) Generated GUIDs only implemented for interfaces!
 -> (artifact id: 'a7cb7c1216358417dd7212a0018bc4a2') in 0.019298 seconds
Number of updated asset objects reloaded before import = 0
Number of asset objects unloaded after import = 1
========================================================================
Received Import Request.
  Time since last request: 0.000129 seconds.
  path: Assets/Polytope Studio/Lowpoly_Environments/Sources/Materials/PT_Generic_Tree_Leaves_mat.mat
  artifactKey: Guid(066ded06e6a8eb240893ea7b8efb66b4) Importer(2089858483,0ecaa5967403d082aa24f35e1b516d23)
Start importing Assets/Polytope Studio/Lowpoly_Environments/Sources/Materials/PT_Generic_Tree_Leaves_mat.mat using Guid(066ded06e6a8eb240893ea7b8efb66b4) Importer(2089858483,0ecaa5967403d082aa24f35e1b516d23) Generated GUIDs only implemented for interfaces!
 -> (artifact id: '8edd7116f06ee0ff1c55b9a83cfff95a') in 0.217412 seconds
Number of updated asset objects reloaded before import = 0
Number of asset objects unloaded after import = 2
========================================================================
Received Import Request.
  Time since last request: 0.000031 seconds.
  path: Assets/Medieval Castle/Art/Model/Tower B.fbx
  artifactKey: Guid(64f4be06a92a5dd4a99c31e59ac47d42) Importer(2089858483,0ecaa5967403d082aa24f35e1b516d23)
Start importing Assets/Medieval Castle/Art/Model/Tower B.fbx using Guid(64f4be06a92a5dd4a99c31e59ac47d42) Importer(2089858483,0ecaa5967403d082aa24f35e1b516d23) Generated GUIDs only implemented for interfaces!
 -> (artifact id: 'a40fa22016457b323d96138c3af97dc2') in 0.055426 seconds
Number of updated asset objects reloaded before import = 0
Number of asset objects unloaded after import = 9
========================================================================
Received Import Request.
  Time since last request: 0.000162 seconds.
  path: Assets/Polytope Studio/Lowpoly_Weapons/Prefabs/PT_Sword_01_a.prefab
  artifactKey: Guid(39ec6af3eb8c70848b3da75dbf39628f) Importer(2089858483,0ecaa5967403d082aa24f35e1b516d23)
Start importing Assets/Polytope Studio/Lowpoly_Weapons/Prefabs/PT_Sword_01_a.prefab using Guid(39ec6af3eb8c70848b3da75dbf39628f) Importer(2089858483,0ecaa5967403d082aa24f35e1b516d23) Generated GUIDs only implemented for interfaces!
 -> (artifact id: 'd3d6dd2d6ac3e3b7b98991f49ec74059') in 0.037852 seconds
Number of updated asset objects reloaded before import = 0
Number of asset objects unloaded after import = 7
========================================================================
Received Import Request.
  Time since last request: 0.000025 seconds.
  path: Assets/Polytope Studio/Lowpoly_Weapons/Sources/Shaders/PT_Weapons_Shader_PBR.shader
  artifactKey: Guid(d50c8cde2c95f1d43ae0b94621f0abc4) Importer(2089858483,0ecaa5967403d082aa24f35e1b516d23)
Start importing Assets/Polytope Studio/Lowpoly_Weapons/Sources/Shaders/PT_Weapons_Shader_PBR.shader using Guid(d50c8cde2c95f1d43ae0b94621f0abc4) Importer(2089858483,0ecaa5967403d082aa24f35e1b516d23) Generated GUIDs only implemented for interfaces!
 -> (artifact id: '282661914a8b7489425a618d9fb937b7') in 0.038326 seconds
Number of updated asset objects reloaded before import = 0
Number of asset objects unloaded after import = 1
========================================================================
Received Import Request.
  Time since last request: 0.000091 seconds.
  path: Assets/Polytope Studio/Lowpoly_Weapons/Sources/Meshes/PT_Shield_06_a.fbx
  artifactKey: Guid(19ca1da17efc9584daf38509800d79dc) Importer(2089858483,0ecaa5967403d082aa24f35e1b516d23)
Start importing Assets/Polytope Studio/Lowpoly_Weapons/Sources/Meshes/PT_Shield_06_a.fbx using Guid(19ca1da17efc9584daf38509800d79dc) Importer(2089858483,0ecaa5967403d082aa24f35e1b516d23) Generated GUIDs only implemented for interfaces!
 -> (artifact id: '668450ffb1c7643d4eb3c9e4951a0e7c') in 0.037894 seconds
Number of updated asset objects reloaded before import = 0
Number of asset objects unloaded after import = 14
========================================================================
Received Import Request.
  Time since last request: 0.000035 seconds.
  path: Assets/Polytope Studio/Lowpoly_Weapons/Sources/Meshes/PT_Mace_01_a.fbx
  artifactKey: Guid(7ff4984896067b94ea4675970fb4d6f3) Importer(2089858483,0ecaa5967403d082aa24f35e1b516d23)
Start importing Assets/Polytope Studio/Lowpoly_Weapons/Sources/Meshes/PT_Mace_01_a.fbx using Guid(7ff4984896067b94ea4675970fb4d6f3) Importer(2089858483,0ecaa5967403d082aa24f35e1b516d23) Generated GUIDs only implemented for interfaces!
 -> (artifact id: 'a326fd38b3b4b15be79a5567d71fd400') in 0.039048 seconds
Number of updated asset objects reloaded before import = 0
Number of asset objects unloaded after import = 7
========================================================================
Received Import Request.
  Time since last request: 0.000033 seconds.
  path: Assets/Polytope Studio/Lowpoly_Props/Sources/Textures/PT_Tools_Texture_Mask_01.png
  artifactKey: Guid(4adf5af92e3d7c74e8ac79e555d89b61) Importer(2089858483,0ecaa5967403d082aa24f35e1b516d23)
Start importing Assets/Polytope Studio/Lowpoly_Props/Sources/Textures/PT_Tools_Texture_Mask_01.png using Guid(4adf5af92e3d7c74e8ac79e555d89b61) Importer(2089858483,0ecaa5967403d082aa24f35e1b516d23) Generated GUIDs only implemented for interfaces!
 -> (artifact id: 'e83d9385ba47a69515ba8340d7f0822e') in 0.083914 seconds
Number of updated asset objects reloaded before import = 0
Number of asset objects unloaded after import = 1
========================================================================
Received Import Request.
  Time since last request: 0.000128 seconds.
  path: Assets/Polytope Studio/Lowpoly_Environments/Sources/Shaders/PT_Rock_Shader.shader
  artifactKey: Guid(cd18bd550ff6630468660d0150eed511) Importer(2089858483,0ecaa5967403d082aa24f35e1b516d23)
Start importing Assets/Polytope Studio/Lowpoly_Environments/Sources/Shaders/PT_Rock_Shader.shader using Guid(cd18bd550ff6630468660d0150eed511) Importer(2089858483,0ecaa5967403d082aa24f35e1b516d23) Generated GUIDs only implemented for interfaces!
 -> (artifact id: '4aacc93874681018b51318adc7b15698') in 0.055546 seconds
Number of updated asset objects reloaded before import = 0
Number of asset objects unloaded after import = 1
========================================================================
Received Import Request.
  Time since last request: 0.000138 seconds.
  path: Assets/Medieval Castle/Prefabs/Castle.prefab
  artifactKey: Guid(afe06cfa5721b824792de9e11596626b) Importer(2089858483,0ecaa5967403d082aa24f35e1b516d23)
Start importing Assets/Medieval Castle/Prefabs/Castle.prefab using Guid(afe06cfa5721b824792de9e11596626b) Importer(2089858483,0ecaa5967403d082aa24f35e1b516d23) Generated GUIDs only implemented for interfaces!
 -> (artifact id: '0ee9c6459d4ca6924cbac4731405fdae') in 0.043769 seconds
Number of updated asset objects reloaded before import = 0
Number of asset objects unloaded after import = 71
========================================================================
Received Import Request.
  Time since last request: 0.000027 seconds.
  path: Assets/Polytope Studio/Lowpoly_Weapons/Animations/PT_Crossbow_02_anim.fbx
  artifactKey: Guid(e20e47eb346dfbc429649f4d8895822f) Importer(2089858483,0ecaa5967403d082aa24f35e1b516d23)
Start importing Assets/Polytope Studio/Lowpoly_Weapons/Animations/PT_Crossbow_02_anim.fbx using Guid(e20e47eb346dfbc429649f4d8895822f) Importer(2089858483,0ecaa5967403d082aa24f35e1b516d23) Generated GUIDs only implemented for interfaces!
 -> (artifact id: '92a70c2e1a5a41fd999fdef82196ae65') in 0.045054 seconds
Number of updated asset objects reloaded before import = 0
Number of asset objects unloaded after import = 31
========================================================================
Received Import Request.
  Time since last request: 0.000028 seconds.
  path: Assets/Medieval Castle/Prefabs/Tower B.prefab
  artifactKey: Guid(9ef95eb74fbef4145bc387e83b897495) Importer(2089858483,0ecaa5967403d082aa24f35e1b516d23)
Start importing Assets/Medieval Castle/Prefabs/Tower B.prefab using Guid(9ef95eb74fbef4145bc387e83b897495) Importer(2089858483,0ecaa5967403d082aa24f35e1b516d23) Generated GUIDs only implemented for interfaces!
 -> (artifact id: '1d2592a34210981f1a5d612596493423') in 0.034513 seconds
Number of updated asset objects reloaded before import = 0
Number of asset objects unloaded after import = 8
========================================================================
Received Import Request.
  Time since last request: 0.000024 seconds.
  path: Assets/Polytope Studio/Lowpoly_Weapons/Animations/PT_Longbow_02_anim.fbx
  artifactKey: Guid(d3c5bcfc537b6044084b083c7e7953b9) Importer(2089858483,0ecaa5967403d082aa24f35e1b516d23)
Start importing Assets/Polytope Studio/Lowpoly_Weapons/Animations/PT_Longbow_02_anim.fbx using Guid(d3c5bcfc537b6044084b083c7e7953b9) Importer(2089858483,0ecaa5967403d082aa24f35e1b516d23) Generated GUIDs only implemented for interfaces!
 -> (artifact id: '60bfe61db798e7677b4e7dd3b02ebc72') in 0.045801 seconds
Number of updated asset objects reloaded before import = 0
Number of asset objects unloaded after import = 25
========================================================================
Received Import Request.
  Time since last request: 0.000035 seconds.
  path: Assets/Medieval Castle/Art/Textures/DoorsWindowsTexture.png
  artifactKey: Guid(0567fd25c689cb642b22e70a3a26e0e1) Importer(2089858483,0ecaa5967403d082aa24f35e1b516d23)
Start importing Assets/Medieval Castle/Art/Textures/DoorsWindowsTexture.png using Guid(0567fd25c689cb642b22e70a3a26e0e1) Importer(2089858483,0ecaa5967403d082aa24f35e1b516d23) Generated GUIDs only implemented for interfaces!
 -> (artifact id: '1e2ee1bb4ce3fc8295e2c2514e45dbae') in 0.042998 seconds
Number of updated asset objects reloaded before import = 0
Number of asset objects unloaded after import = 1
========================================================================
Received Import Request.
  Time since last request: 0.000106 seconds.
  path: Assets/Polytope Studio/Lowpoly_Environments/Prefabs/Rocks/PT_Generic_Rock_01.prefab
  artifactKey: Guid(58cd8dc8c2359174baa15aa31e302c8b) Importer(2089858483,0ecaa5967403d082aa24f35e1b516d23)
Start importing Assets/Polytope Studio/Lowpoly_Environments/Prefabs/Rocks/PT_Generic_Rock_01.prefab using Guid(58cd8dc8c2359174baa15aa31e302c8b) Importer(2089858483,0ecaa5967403d082aa24f35e1b516d23) Generated GUIDs only implemented for interfaces!
 -> (artifact id: '3c620719499e701fb6f3165326229845') in 0.036580 seconds
Number of updated asset objects reloaded before import = 0
Number of asset objects unloaded after import = 20
========================================================================
Received Import Request.
  Time since last request: 0.000028 seconds.
  path: Assets/Polytope Studio/Lowpoly_Weapons/Sources/Meshes/PT_Longsword_01_a.fbx
  artifactKey: Guid(90a6bccabea84b14a8aeba21db55ddf8) Importer(2089858483,0ecaa5967403d082aa24f35e1b516d23)
Start importing Assets/Polytope Studio/Lowpoly_Weapons/Sources/Meshes/PT_Longsword_01_a.fbx using Guid(90a6bccabea84b14a8aeba21db55ddf8) Importer(2089858483,0ecaa5967403d082aa24f35e1b516d23) Generated GUIDs only implemented for interfaces!
 -> (artifact id: 'fe851a36991269c25baa25fafb69736e') in 0.037790 seconds
Number of updated asset objects reloaded before import = 0
Number of asset objects unloaded after import = 7
========================================================================
Received Import Request.
  Time since last request: 0.000028 seconds.
  path: Assets/Polytope Studio/Lowpoly_Characters/Prefabs/Modular_Armors/Separate_Parts/PT_Female_Armor_naked_body.prefab
  artifactKey: Guid(596f1b103f49dbf4b861ef47c721dcc3) Importer(2089858483,0ecaa5967403d082aa24f35e1b516d23)
Start importing Assets/Polytope Studio/Lowpoly_Characters/Prefabs/Modular_Armors/Separate_Parts/PT_Female_Armor_naked_body.prefab using Guid(596f1b103f49dbf4b861ef47c721dcc3) Importer(2089858483,0ecaa5967403d082aa24f35e1b516d23) Generated GUIDs only implemented for interfaces!
 -> (artifact id: 'f2f8955f710cf3a2d75f4e0258441dbb') in 0.036157 seconds
Number of updated asset objects reloaded before import = 0
Number of asset objects unloaded after import = 164
========================================================================
Received Import Request.
  Time since last request: 0.000026 seconds.
  path: Assets/Polytope Studio/Lowpoly_Characters/Prefabs/Modular_Armors/Separate_Parts/PT_Female_Armor_hair_30.prefab
  artifactKey: Guid(df4b472a9d5edf54f8dafddda0d43a07) Importer(2089858483,0ecaa5967403d082aa24f35e1b516d23)
Start importing Assets/Polytope Studio/Lowpoly_Characters/Prefabs/Modular_Armors/Separate_Parts/PT_Female_Armor_hair_30.prefab using Guid(df4b472a9d5edf54f8dafddda0d43a07) Importer(2089858483,0ecaa5967403d082aa24f35e1b516d23) Generated GUIDs only implemented for interfaces!
 -> (artifact id: 'a29d4efff8242c94f18960bf91968435') in 0.038677 seconds
Number of updated asset objects reloaded before import = 0
Number of asset objects unloaded after import = 164
========================================================================
Received Import Request.
  Time since last request: 0.000027 seconds.
  path: Assets/Polytope Studio/Lowpoly_Characters/Prefabs/Modular_Armors/Separate_Parts/PT_Female_Armor_01_A_gauntlets.prefab
  artifactKey: Guid(b1225e6c0defe9b429f977855d40ec1a) Importer(2089858483,0ecaa5967403d082aa24f35e1b516d23)
Start importing Assets/Polytope Studio/Lowpoly_Characters/Prefabs/Modular_Armors/Separate_Parts/PT_Female_Armor_01_A_gauntlets.prefab using Guid(b1225e6c0defe9b429f977855d40ec1a) Importer(2089858483,0ecaa5967403d082aa24f35e1b516d23) Generated GUIDs only implemented for interfaces!
 -> (artifact id: '64880f88eb38a367a235311007aa8c68') in 0.034599 seconds
Number of updated asset objects reloaded before import = 0
Number of asset objects unloaded after import = 164
========================================================================
Received Import Request.
  Time since last request: 0.000025 seconds.
  path: Assets/Polytope Studio/Lowpoly_Characters/Prefabs/Modular_Armors/Separate_Parts/PT_Female_Armor_naked_boots.prefab
  artifactKey: Guid(561f79ef91e5f57428afece9b2aade79) Importer(2089858483,0ecaa5967403d082aa24f35e1b516d23)
Start importing Assets/Polytope Studio/Lowpoly_Characters/Prefabs/Modular_Armors/Separate_Parts/PT_Female_Armor_naked_boots.prefab using Guid(561f79ef91e5f57428afece9b2aade79) Importer(2089858483,0ecaa5967403d082aa24f35e1b516d23) Generated GUIDs only implemented for interfaces!
 -> (artifact id: 'e88acab98db11fcaacc9e9b0039e9421') in 0.034657 seconds
Number of updated asset objects reloaded before import = 0
Number of asset objects unloaded after import = 164
========================================================================
Received Import Request.
  Time since last request: 0.000025 seconds.
  path: Assets/Polytope Studio/Lowpoly_Weapons/Prefabs/PT_Shield_01_a.prefab
  artifactKey: Guid(3f1bf1eb280a42941acb0134eccf563b) Importer(2089858483,0ecaa5967403d082aa24f35e1b516d23)
Start importing Assets/Polytope Studio/Lowpoly_Weapons/Prefabs/PT_Shield_01_a.prefab using Guid(3f1bf1eb280a42941acb0134eccf563b) Importer(2089858483,0ecaa5967403d082aa24f35e1b516d23) Generated GUIDs only implemented for interfaces!
 -> (artifact id: 'f7e7feeb19f5ec9e327dd09d08081357') in 0.034621 seconds
Number of updated asset objects reloaded before import = 0
Number of asset objects unloaded after import = 14
========================================================================
Received Import Request.
  Time since last request: 0.000039 seconds.
  path: Assets/Polytope Studio/Lowpoly_Characters/Prefabs/Modular_Armors/Separate_Parts/PT_Female_Armor_05_C_body.prefab
  artifactKey: Guid(bcb60191cf3897949be226267745ed3e) Importer(2089858483,0ecaa5967403d082aa24f35e1b516d23)
Start importing Assets/Polytope Studio/Lowpoly_Characters/Prefabs/Modular_Armors/Separate_Parts/PT_Female_Armor_05_C_body.prefab using Guid(bcb60191cf3897949be226267745ed3e) Importer(2089858483,0ecaa5967403d082aa24f35e1b516d23) Generated GUIDs only implemented for interfaces!
 -> (artifact id: '888a1a873b95d3043ab709644cb07ffd') in 0.042521 seconds
Number of updated asset objects reloaded before import = 0
Number of asset objects unloaded after import = 164
========================================================================
Received Import Request.
  Time since last request: 0.000027 seconds.
  path: Assets/Polytope Studio/Lowpoly_Environments/Sources/Textures/PT_Ground_Generic_03.png
  artifactKey: Guid(e0b09c625cee17a48b22b2cf949cd320) Importer(2089858483,0ecaa5967403d082aa24f35e1b516d23)
Start importing Assets/Polytope Studio/Lowpoly_Environments/Sources/Textures/PT_Ground_Generic_03.png using Guid(e0b09c625cee17a48b22b2cf949cd320) Importer(2089858483,0ecaa5967403d082aa24f35e1b516d23) Generated GUIDs only implemented for interfaces!
 -> (artifact id: '2afc069bf5e6b276106866766c315cca') in 0.045282 seconds
Number of updated asset objects reloaded before import = 0
Number of asset objects unloaded after import = 1
========================================================================
Received Import Request.
  Time since last request: 0.000192 seconds.
  path: Assets/Medieval Castle/Prefabs/Wall.prefab
  artifactKey: Guid(4f6122b02aea27540b60ee221b7415e5) Importer(2089858483,0ecaa5967403d082aa24f35e1b516d23)
Start importing Assets/Medieval Castle/Prefabs/Wall.prefab using Guid(4f6122b02aea27540b60ee221b7415e5) Importer(2089858483,0ecaa5967403d082aa24f35e1b516d23) Generated GUIDs only implemented for interfaces!
 -> (artifact id: '12787ae932f4b531ac89e02691e42046') in 0.039835 seconds
Number of updated asset objects reloaded before import = 0
Number of asset objects unloaded after import = 8
========================================================================
Received Import Request.
  Time since last request: 0.000033 seconds.
  path: Assets/Medieval Castle/Art/Model/Materials/CasaATextura.mat
  artifactKey: Guid(adf07682f1f68194ba0e44110d8c83c8) Importer(2089858483,0ecaa5967403d082aa24f35e1b516d23)
Start importing Assets/Medieval Castle/Art/Model/Materials/CasaATextura.mat using Guid(adf07682f1f68194ba0e44110d8c83c8) Importer(2089858483,0ecaa5967403d082aa24f35e1b516d23) Generated GUIDs only implemented for interfaces!
 -> (artifact id: '7858d5c86e71f61d3d101cc8b376badd') in 0.027662 seconds
Number of updated asset objects reloaded before import = 0
Number of asset objects unloaded after import = 2
========================================================================
Received Import Request.
  Time since last request: 0.000030 seconds.
  path: Assets/Polytope Studio/Lowpoly_Characters/Prefabs/Modular_Armors/Separate_Parts/PT_Male_Armor_05_C_legs.prefab
  artifactKey: Guid(12f6f965ca8a2ab48942049e2bdbb003) Importer(2089858483,0ecaa5967403d082aa24f35e1b516d23)
Start importing Assets/Polytope Studio/Lowpoly_Characters/Prefabs/Modular_Armors/Separate_Parts/PT_Male_Armor_05_C_legs.prefab using Guid(12f6f965ca8a2ab48942049e2bdbb003) Importer(2089858483,0ecaa5967403d082aa24f35e1b516d23) Generated GUIDs only implemented for interfaces!
 -> (artifact id: '727c0de0443bd8a03c40c6c4bacfc7d9') in 0.034719 seconds
Number of updated asset objects reloaded before import = 0
Number of asset objects unloaded after import = 164
========================================================================
Received Import Request.
  Time since last request: 0.000032 seconds.
  path: Assets/Polytope Studio/Lowpoly_Weapons/Sources/Meshes/PT_Sword_01_a.fbx
  artifactKey: Guid(c4ee69f08dc865c458547e9a01d06ab7) Importer(2089858483,0ecaa5967403d082aa24f35e1b516d23)
Start importing Assets/Polytope Studio/Lowpoly_Weapons/Sources/Meshes/PT_Sword_01_a.fbx using Guid(c4ee69f08dc865c458547e9a01d06ab7) Importer(2089858483,0ecaa5967403d082aa24f35e1b516d23) Generated GUIDs only implemented for interfaces!
 -> (artifact id: '6f746ebc135232838fde344ddea55ffb') in 0.035652 seconds
Number of updated asset objects reloaded before import = 0
Number of asset objects unloaded after import = 7
========================================================================
Received Import Request.
  Time since last request: 0.000030 seconds.
  path: Assets/Polytope Studio/Lowpoly_Characters/Prefabs/Modular_Armors/Separate_Parts/PT_Male_Armor_05_C_cape.prefab
  artifactKey: Guid(3017fe4ba4c5c294e9500ccfe71fe3a3) Importer(2089858483,0ecaa5967403d082aa24f35e1b516d23)
Start importing Assets/Polytope Studio/Lowpoly_Characters/Prefabs/Modular_Armors/Separate_Parts/PT_Male_Armor_05_C_cape.prefab using Guid(3017fe4ba4c5c294e9500ccfe71fe3a3) Importer(2089858483,0ecaa5967403d082aa24f35e1b516d23) Generated GUIDs only implemented for interfaces!
 -> (artifact id: '7bf3d5cc0c0ad263efb0445bab8bbe03') in 0.037442 seconds
Number of updated asset objects reloaded before import = 0
Number of asset objects unloaded after import = 164
========================================================================
Received Import Request.
  Time since last request: 0.000043 seconds.
  path: Assets/Polytope Studio/Lowpoly_Weapons/Prefabs/PT_Pike_01_a.prefab
  artifactKey: Guid(72fc84d4624f140498736783e8007a55) Importer(2089858483,0ecaa5967403d082aa24f35e1b516d23)
Start importing Assets/Polytope Studio/Lowpoly_Weapons/Prefabs/PT_Pike_01_a.prefab using Guid(72fc84d4624f140498736783e8007a55) Importer(2089858483,0ecaa5967403d082aa24f35e1b516d23) Generated GUIDs only implemented for interfaces!
 -> (artifact id: 'ce7f58a27ac96e73e9dbeb8f1c2cceb2') in 0.035205 seconds
Number of updated asset objects reloaded before import = 0
Number of asset objects unloaded after import = 7
========================================================================
Received Import Request.
  Time since last request: 0.000025 seconds.
  path: Assets/Polytope Studio/Lowpoly_Environments/Sources/Materials/PT_Generic_Tree_Trunk_mat.mat
  artifactKey: Guid(e6ce4253a748b0849a04b87f33cc539d) Importer(2089858483,0ecaa5967403d082aa24f35e1b516d23)
Start importing Assets/Polytope Studio/Lowpoly_Environments/Sources/Materials/PT_Generic_Tree_Trunk_mat.mat using Guid(e6ce4253a748b0849a04b87f33cc539d) Importer(2089858483,0ecaa5967403d082aa24f35e1b516d23) Generated GUIDs only implemented for interfaces!
 -> (artifact id: '69060933cc7a93b980094f0995318be7') in 0.166185 seconds
Number of updated asset objects reloaded before import = 0
Number of asset objects unloaded after import = 2
========================================================================
Received Import Request.
  Time since last request: 0.000030 seconds.
  path: Assets/Polytope Studio/Lowpoly_Characters/Sources/Modular_Armors/Textures/PT_Armors_Skin_Eye_Hair_Mask_01.png
  artifactKey: Guid(b76fe68d69ca53f43a4e6f66d135dd90) Importer(2089858483,0ecaa5967403d082aa24f35e1b516d23)
Start importing Assets/Polytope Studio/Lowpoly_Characters/Sources/Modular_Armors/Textures/PT_Armors_Skin_Eye_Hair_Mask_01.png using Guid(b76fe68d69ca53f43a4e6f66d135dd90) Importer(2089858483,0ecaa5967403d082aa24f35e1b516d23) Generated GUIDs only implemented for interfaces!
 -> (artifact id: '4d95f3cb55fdcf3ba9a1a82873e0450c') in 0.043991 seconds
Number of updated asset objects reloaded before import = 0
Number of asset objects unloaded after import = 1
========================================================================
Received Import Request.
  Time since last request: 0.000093 seconds.
  path: Assets/Polytope Studio/Lowpoly_Characters/Sources/Modular_Armors/Textures/PT_Armors_Gems_Mask_01.png
  artifactKey: Guid(7d388dc79e41c6f498271666b30c0630) Importer(2089858483,0ecaa5967403d082aa24f35e1b516d23)
Start importing Assets/Polytope Studio/Lowpoly_Characters/Sources/Modular_Armors/Textures/PT_Armors_Gems_Mask_01.png using Guid(7d388dc79e41c6f498271666b30c0630) Importer(2089858483,0ecaa5967403d082aa24f35e1b516d23) Generated GUIDs only implemented for interfaces!
 -> (artifact id: 'fcd5b77b12dc5d41c11867896eb28a16') in 0.041919 seconds
Number of updated asset objects reloaded before import = 0
Number of asset objects unloaded after import = 1
========================================================================
Received Import Request.
  Time since last request: 0.000234 seconds.
  path: Assets/Polytope Studio/Lowpoly_Characters/Sources/Modular_Armors/Textures/PT_Armors_Metal_Mask_01.png
  artifactKey: Guid(47efbf030a9bb7f428ba51b46a2fdd03) Importer(2089858483,0ecaa5967403d082aa24f35e1b516d23)
Start importing Assets/Polytope Studio/Lowpoly_Characters/Sources/Modular_Armors/Textures/PT_Armors_Metal_Mask_01.png using Guid(47efbf030a9bb7f428ba51b46a2fdd03) Importer(2089858483,0ecaa5967403d082aa24f35e1b516d23) Generated GUIDs only implemented for interfaces!
 -> (artifact id: '38b8e027655e27bee7f43eaf6724c147') in 0.043604 seconds
Number of updated asset objects reloaded before import = 0
Number of asset objects unloaded after import = 1
========================================================================
Received Import Request.
  Time since last request: 0.000204 seconds.
  path: Assets/Polytope Studio/Lowpoly_Characters/Prefabs/Modular_Armors/Separate_Parts/PT_Female_Armor_cloth_00_gauntlets.prefab
  artifactKey: Guid(da7b77e8b51d0cb4190f399f2e2176a1) Importer(2089858483,0ecaa5967403d082aa24f35e1b516d23)
Start importing Assets/Polytope Studio/Lowpoly_Characters/Prefabs/Modular_Armors/Separate_Parts/PT_Female_Armor_cloth_00_gauntlets.prefab using Guid(da7b77e8b51d0cb4190f399f2e2176a1) Importer(2089858483,0ecaa5967403d082aa24f35e1b516d23) Generated GUIDs only implemented for interfaces!
 -> (artifact id: '889b52af97a2d0aba0b0904765f5a6a0') in 0.036336 seconds
Number of updated asset objects reloaded before import = 0
Number of asset objects unloaded after import = 164
========================================================================
Received Import Request.
  Time since last request: 0.000027 seconds.
  path: Assets/Polytope Studio/Lowpoly_Weapons/Sources/Textures/PT_Weapons_Texture_01_mask.png
  artifactKey: Guid(f88a8d19ac8f5724aa4e309405c476b6) Importer(2089858483,0ecaa5967403d082aa24f35e1b516d23)
Start importing Assets/Polytope Studio/Lowpoly_Weapons/Sources/Textures/PT_Weapons_Texture_01_mask.png using Guid(f88a8d19ac8f5724aa4e309405c476b6) Importer(2089858483,0ecaa5967403d082aa24f35e1b516d23) Generated GUIDs only implemented for interfaces!
 -> (artifact id: 'a6a0991cdd295f7f7f94909a7e030592') in 0.046210 seconds
Number of updated asset objects reloaded before import = 0
Number of asset objects unloaded after import = 1
========================================================================
Received Import Request.
  Time since last request: 0.000033 seconds.
  path: Assets/Polytope Studio/Lowpoly_Characters/Prefabs/Modular_Armors/Separate_Parts/PT_Female_Armor_hair_01.prefab
  artifactKey: Guid(ad48be65910f9d94a9fbf1eda0da1ef8) Importer(2089858483,0ecaa5967403d082aa24f35e1b516d23)
Start importing Assets/Polytope Studio/Lowpoly_Characters/Prefabs/Modular_Armors/Separate_Parts/PT_Female_Armor_hair_01.prefab using Guid(ad48be65910f9d94a9fbf1eda0da1ef8) Importer(2089858483,0ecaa5967403d082aa24f35e1b516d23) Generated GUIDs only implemented for interfaces!
 -> (artifact id: 'adcf3602ee603d28f8bd29f6ebb1ebfa') in 0.032873 seconds
Number of updated asset objects reloaded before import = 0
Number of asset objects unloaded after import = 164
========================================================================
Received Import Request.
  Time since last request: 0.000024 seconds.
  path: Assets/Polytope Studio/Lowpoly_Characters/Prefabs/Modular_Armors/PT_Lowpoly_Armors_Female_Moduar_Free.prefab
  artifactKey: Guid(435d261c1fe73ba46883b819e578219d) Importer(2089858483,0ecaa5967403d082aa24f35e1b516d23)
Start importing Assets/Polytope Studio/Lowpoly_Characters/Prefabs/Modular_Armors/PT_Lowpoly_Armors_Female_Moduar_Free.prefab using Guid(435d261c1fe73ba46883b819e578219d) Importer(2089858483,0ecaa5967403d082aa24f35e1b516d23) Generated GUIDs only implemented for interfaces!
 -> (artifact id: 'a58e68678e14989f991841c246f66926') in 0.060116 seconds
Number of updated asset objects reloaded before import = 0
Number of asset objects unloaded after import = 278
========================================================================
Received Import Request.
  Time since last request: 0.000038 seconds.
  path: Assets/Polytope Studio/Lowpoly_Characters/Prefabs/Modular_Armors/Separate_Parts/PT_Female_Armor_head_10.prefab
  artifactKey: Guid(bf20a3ec0867d244c9590407c7a46751) Importer(2089858483,0ecaa5967403d082aa24f35e1b516d23)
Start importing Assets/Polytope Studio/Lowpoly_Characters/Prefabs/Modular_Armors/Separate_Parts/PT_Female_Armor_head_10.prefab using Guid(bf20a3ec0867d244c9590407c7a46751) Importer(2089858483,0ecaa5967403d082aa24f35e1b516d23) Generated GUIDs only implemented for interfaces!
 -> (artifact id: '43031faef9f47cbd456d61c14a1860c3') in 0.032184 seconds
Number of updated asset objects reloaded before import = 0
Number of asset objects unloaded after import = 164
========================================================================
Received Import Request.
  Time since last request: 0.000061 seconds.
  path: Assets/Polytope Studio/Lowpoly_Characters/Prefabs/Modular_Armors/Separate_Parts/PT_Male_Armor_cloth_00_boots.prefab
  artifactKey: Guid(8c296d5a69966f14ca1475052cc82ed8) Importer(2089858483,0ecaa5967403d082aa24f35e1b516d23)
Start importing Assets/Polytope Studio/Lowpoly_Characters/Prefabs/Modular_Armors/Separate_Parts/PT_Male_Armor_cloth_00_boots.prefab using Guid(8c296d5a69966f14ca1475052cc82ed8) Importer(2089858483,0ecaa5967403d082aa24f35e1b516d23) Generated GUIDs only implemented for interfaces!
 -> (artifact id: '321f5b743e6e89d651faf79da59c694f') in 0.033319 seconds
Number of updated asset objects reloaded before import = 0
Number of asset objects unloaded after import = 164
========================================================================
Received Import Request.
  Time since last request: 0.000024 seconds.
  path: Assets/Polytope Studio/Lowpoly_Characters/Sources/Modular_Armors/Meshes/Separate_Parts/PT_Female_Armor_01_A_gauntlets.fbx
  artifactKey: Guid(39c545d587e135743a3e5baf74fa301a) Importer(2089858483,0ecaa5967403d082aa24f35e1b516d23)
Start importing Assets/Polytope Studio/Lowpoly_Characters/Sources/Modular_Armors/Meshes/Separate_Parts/PT_Female_Armor_01_A_gauntlets.fbx using Guid(39c545d587e135743a3e5baf74fa301a) Importer(2089858483,0ecaa5967403d082aa24f35e1b516d23) Generated GUIDs only implemented for interfaces!
 -> (artifact id: '81e97745dc3f8780bf1d7b1b31f4fb81') in 0.039169 seconds
Number of updated asset objects reloaded before import = 0
Number of asset objects unloaded after import = 165
========================================================================
Received Import Request.
  Time since last request: 0.000027 seconds.
  path: Assets/Polytope Studio/Lowpoly_Characters/Sources/Modular_Armors/Meshes/Separate_Parts/PT_Female_Armor_01_A_legs.fbx
  artifactKey: Guid(7551443fe579232499854e3e288d34d2) Importer(2089858483,0ecaa5967403d082aa24f35e1b516d23)
Start importing Assets/Polytope Studio/Lowpoly_Characters/Sources/Modular_Armors/Meshes/Separate_Parts/PT_Female_Armor_01_A_legs.fbx using Guid(7551443fe579232499854e3e288d34d2) Importer(2089858483,0ecaa5967403d082aa24f35e1b516d23) Generated GUIDs only implemented for interfaces!
 -> (artifact id: 'b9215332be90f10f7751e054e69e03ed') in 0.045176 seconds
Number of updated asset objects reloaded before import = 0
Number of asset objects unloaded after import = 165
========================================================================
Received Import Request.
  Time since last request: 0.000031 seconds.
  path: Assets/Polytope Studio/Lowpoly_Characters/Sources/Modular_Armors/Meshes/Separate_Parts/PT_Female_Armor_naked_boots.fbx
  artifactKey: Guid(8084f8f359b46dd47b17045aeed6d2b5) Importer(2089858483,0ecaa5967403d082aa24f35e1b516d23)
Start importing Assets/Polytope Studio/Lowpoly_Characters/Sources/Modular_Armors/Meshes/Separate_Parts/PT_Female_Armor_naked_boots.fbx using Guid(8084f8f359b46dd47b17045aeed6d2b5) Importer(2089858483,0ecaa5967403d082aa24f35e1b516d23) Generated GUIDs only implemented for interfaces!
 -> (artifact id: '2b7743acf73f34a954827a871ec7ff08') in 0.040313 seconds
Number of updated asset objects reloaded before import = 0
Number of asset objects unloaded after import = 165
========================================================================
Received Import Request.
  Time since last request: 0.000028 seconds.
  path: Assets/Polytope Studio/Lowpoly_Characters/Sources/Modular_Armors/Meshes/Separate_Parts/PT_Male_Armor_05_C_gauntlets.fbx
  artifactKey: Guid(8960dc3d8b5d03d4eaa534e15f7c5be3) Importer(2089858483,0ecaa5967403d082aa24f35e1b516d23)
Start importing Assets/Polytope Studio/Lowpoly_Characters/Sources/Modular_Armors/Meshes/Separate_Parts/PT_Male_Armor_05_C_gauntlets.fbx using Guid(8960dc3d8b5d03d4eaa534e15f7c5be3) Importer(2089858483,0ecaa5967403d082aa24f35e1b516d23) Generated GUIDs only implemented for interfaces!
 -> (artifact id: '5368b29d5baab99be8be2bf417ae94da') in 0.040305 seconds
Number of updated asset objects reloaded before import = 0
Number of asset objects unloaded after import = 165
========================================================================
Received Import Request.
  Time since last request: 0.000025 seconds.
  path: Assets/Polytope Studio/Lowpoly_Characters/Sources/Modular_Armors/Meshes/Separate_Parts/PT_Male_Armor_01_A_boots.fbx
  artifactKey: Guid(24ea26da8c8ca9849ad6d96ca2d28aed) Importer(2089858483,0ecaa5967403d082aa24f35e1b516d23)
Start importing Assets/Polytope Studio/Lowpoly_Characters/Sources/Modular_Armors/Meshes/Separate_Parts/PT_Male_Armor_01_A_boots.fbx using Guid(24ea26da8c8ca9849ad6d96ca2d28aed) Importer(2089858483,0ecaa5967403d082aa24f35e1b516d23) Generated GUIDs only implemented for interfaces!
 -> (artifact id: '209cfafebf55c63f780118e499c599cb') in 0.037546 seconds
Number of updated asset objects reloaded before import = 0
Number of asset objects unloaded after import = 165
========================================================================
Received Import Request.
  Time since last request: 0.000030 seconds.
  path: Assets/Polytope Studio/Lowpoly_Characters/Sources/Modular_Armors/Meshes/Separate_Parts/PT_Male_Armor_05_C_cape.fbx
  artifactKey: Guid(0fb4f83175137c148bf660f9877d699a) Importer(2089858483,0ecaa5967403d082aa24f35e1b516d23)
Start importing Assets/Polytope Studio/Lowpoly_Characters/Sources/Modular_Armors/Meshes/Separate_Parts/PT_Male_Armor_05_C_cape.fbx using Guid(0fb4f83175137c148bf660f9877d699a) Importer(2089858483,0ecaa5967403d082aa24f35e1b516d23) Generated GUIDs only implemented for interfaces!
 -> (artifact id: '9dca2dee696e543da8160da404225120') in 0.039017 seconds
Number of updated asset objects reloaded before import = 0
Number of asset objects unloaded after import = 165
========================================================================
Received Import Request.
  Time since last request: 0.000043 seconds.
  path: Assets/Polytope Studio/Lowpoly_Demos/Armors_Free_Pack/Helpers/New Material.mat
  artifactKey: Guid(c2022aac65d3a504e98b8dd7fb67652b) Importer(2089858483,0ecaa5967403d082aa24f35e1b516d23)
Start importing Assets/Polytope Studio/Lowpoly_Demos/Armors_Free_Pack/Helpers/New Material.mat using Guid(c2022aac65d3a504e98b8dd7fb67652b) Importer(2089858483,0ecaa5967403d082aa24f35e1b516d23) Generated GUIDs only implemented for interfaces!
 -> (artifact id: '0c476a45aceb26bd64dc71757235558a') in 0.020488 seconds
Number of updated asset objects reloaded before import = 0
Number of asset objects unloaded after import = 1
========================================================================
Received Import Request.
  Time since last request: 0.000074 seconds.
  path: Assets/Polytope Studio/Lowpoly_Characters/Prefabs/Modular_Armors/Separate_Parts/PT_Male_Armor_01_A_gauntlets.prefab
  artifactKey: Guid(e2c700b8dce251746bc99162b9703131) Importer(2089858483,0ecaa5967403d082aa24f35e1b516d23)
Start importing Assets/Polytope Studio/Lowpoly_Characters/Prefabs/Modular_Armors/Separate_Parts/PT_Male_Armor_01_A_gauntlets.prefab using Guid(e2c700b8dce251746bc99162b9703131) Importer(2089858483,0ecaa5967403d082aa24f35e1b516d23) Generated GUIDs only implemented for interfaces!
 -> (artifact id: '343b55e57138fa2ea00032f8f815f8d9') in 0.037655 seconds
Number of updated asset objects reloaded before import = 0
Number of asset objects unloaded after import = 164
========================================================================
Received Import Request.
  Time since last request: 0.000025 seconds.
  path: Assets/Polytope Studio/Lowpoly_Characters/Sources/Modular_Armors/Meshes/Separate_Parts/PT_Female_Armor_hair_30.fbx
  artifactKey: Guid(95244afdf3c1b614f980b265ad38fe07) Importer(2089858483,0ecaa5967403d082aa24f35e1b516d23)
Start importing Assets/Polytope Studio/Lowpoly_Characters/Sources/Modular_Armors/Meshes/Separate_Parts/PT_Female_Armor_hair_30.fbx using Guid(95244afdf3c1b614f980b265ad38fe07) Importer(2089858483,0ecaa5967403d082aa24f35e1b516d23) Generated GUIDs only implemented for interfaces!
 -> (artifact id: '28e1d0ffca5e4979ff9ef8f4f4b096fe') in 0.043461 seconds
Number of updated asset objects reloaded before import = 0
Number of asset objects unloaded after import = 165
========================================================================
Received Import Request.
  Time since last request: 0.000031 seconds.
  path: Assets/Polytope Studio/Lowpoly_Characters/Sources/Modular_Armors/Materials/PT_Armors_Material_Toon.mat
  artifactKey: Guid(7ded30d4b0f56544e990873fead012e8) Importer(2089858483,0ecaa5967403d082aa24f35e1b516d23)
Start importing Assets/Polytope Studio/Lowpoly_Characters/Sources/Modular_Armors/Materials/PT_Armors_Material_Toon.mat using Guid(7ded30d4b0f56544e990873fead012e8) Importer(2089858483,0ecaa5967403d082aa24f35e1b516d23) Generated GUIDs only implemented for interfaces!
 -> (artifact id: 'aaffffe20ae45a40d4726ba5972151d3') in 0.032401 seconds
Number of updated asset objects reloaded before import = 0
Number of asset objects unloaded after import = 10
========================================================================
Received Import Request.
  Time since last request: 0.000020 seconds.
  path: Assets/Polytope Studio/Lowpoly_Characters/Sources/Modular_Armors/Shaders/PT_Armors_Shader_Toon.shader
  artifactKey: Guid(ad5cc8499eb3f43439c02eb1f62381e4) Importer(2089858483,0ecaa5967403d082aa24f35e1b516d23)
Start importing Assets/Polytope Studio/Lowpoly_Characters/Sources/Modular_Armors/Shaders/PT_Armors_Shader_Toon.shader using Guid(ad5cc8499eb3f43439c02eb1f62381e4) Importer(2089858483,0ecaa5967403d082aa24f35e1b516d23) Generated GUIDs only implemented for interfaces!
 -> (artifact id: '0fdca244bdd8d51737abe359ce94e94c') in 0.034749 seconds
Number of updated asset objects reloaded before import = 0
Number of asset objects unloaded after import = 1
========================================================================
Received Import Request.
  Time since last request: 0.000040 seconds.
  path: Assets/Polytope Studio/Lowpoly_Characters/Sources/Modular_Armors/Meshes/PT_Lowpoly_Armors_Female_Moduar_Free.fbx
  artifactKey: Guid(0cc5e7d23b6879a4d8b3644f02cd8430) Importer(2089858483,0ecaa5967403d082aa24f35e1b516d23)
Start importing Assets/Polytope Studio/Lowpoly_Characters/Sources/Modular_Armors/Meshes/PT_Lowpoly_Armors_Female_Moduar_Free.fbx using Guid(0cc5e7d23b6879a4d8b3644f02cd8430) Importer(2089858483,0ecaa5967403d082aa24f35e1b516d23) Generated GUIDs only implemented for interfaces!
 -> (artifact id: '12aee532565dfbaf76fa967e173ed145') in 0.127226 seconds
Number of updated asset objects reloaded before import = 0
Number of asset objects unloaded after import = 278
========================================================================
Received Import Request.
  Time since last request: 0.000036 seconds.
  path: Assets/Polytope Studio/Lowpoly_Characters/Sources/Modular_Armors/Meshes/Separate_Parts/PT_Male_Armor_cloth_00_gauntlets.fbx
  artifactKey: Guid(c8446e20f7c907a488412bb1c1e7c213) Importer(2089858483,0ecaa5967403d082aa24f35e1b516d23)
Start importing Assets/Polytope Studio/Lowpoly_Characters/Sources/Modular_Armors/Meshes/Separate_Parts/PT_Male_Armor_cloth_00_gauntlets.fbx using Guid(c8446e20f7c907a488412bb1c1e7c213) Importer(2089858483,0ecaa5967403d082aa24f35e1b516d23) Generated GUIDs only implemented for interfaces!
 -> (artifact id: '043874eceb4535bbb19909fa6c084d58') in 0.039215 seconds
Number of updated asset objects reloaded before import = 0
Number of asset objects unloaded after import = 165
========================================================================
Received Import Request.
  Time since last request: 0.000048 seconds.
  path: Assets/Polytope Studio/Lowpoly_Characters/Sources/Modular_Armors/Meshes/Separate_Parts/PT_Male_Armor_hair_20.fbx
  artifactKey: Guid(12ba2783c9682a2469c6141eefa300ee) Importer(2089858483,0ecaa5967403d082aa24f35e1b516d23)
Start importing Assets/Polytope Studio/Lowpoly_Characters/Sources/Modular_Armors/Meshes/Separate_Parts/PT_Male_Armor_hair_20.fbx using Guid(12ba2783c9682a2469c6141eefa300ee) Importer(2089858483,0ecaa5967403d082aa24f35e1b516d23) Generated GUIDs only implemented for interfaces!
 -> (artifact id: 'b1c515bb40fbc6435af0b94863a34069') in 0.043022 seconds
Number of updated asset objects reloaded before import = 0
Number of asset objects unloaded after import = 165
========================================================================
Received Import Request.
  Time since last request: 0.000032 seconds.
  path: Assets/Polytope Studio/Lowpoly_Characters/Sources/Modular_Armors/Textures/PT_texture.tga
  artifactKey: Guid(093505a5d838d4149a9f207bf3c33662) Importer(2089858483,0ecaa5967403d082aa24f35e1b516d23)
Start importing Assets/Polytope Studio/Lowpoly_Characters/Sources/Modular_Armors/Textures/PT_texture.tga using Guid(093505a5d838d4149a9f207bf3c33662) Importer(2089858483,0ecaa5967403d082aa24f35e1b516d23) Generated GUIDs only implemented for interfaces!
 -> (artifact id: '4f3c4365152c8138f4de4ab1174a71e0') in 0.041402 seconds
Number of updated asset objects reloaded before import = 0
Number of asset objects unloaded after import = 1
========================================================================
Received Import Request.
  Time since last request: 0.000117 seconds.
  path: Assets/Polytope Studio/Lowpoly_Characters/Sources/Modular_Armors/Meshes/Separate_Parts/PT_Female_Armor_cloth_00_gauntlets.fbx
  artifactKey: Guid(bf6caf34280d5dd41967e1b2043a7e41) Importer(2089858483,0ecaa5967403d082aa24f35e1b516d23)
Start importing Assets/Polytope Studio/Lowpoly_Characters/Sources/Modular_Armors/Meshes/Separate_Parts/PT_Female_Armor_cloth_00_gauntlets.fbx using Guid(bf6caf34280d5dd41967e1b2043a7e41) Importer(2089858483,0ecaa5967403d082aa24f35e1b516d23) Generated GUIDs only implemented for interfaces!
 -> (artifact id: '891610410e1b0882f252e8ac18b3f0fa') in 0.037575 seconds
Number of updated asset objects reloaded before import = 0
Number of asset objects unloaded after import = 165
========================================================================
Received Import Request.
  Time since last request: 0.000030 seconds.
  path: Assets/Polytope Studio/Lowpoly_Characters/Sources/Modular_Armors/Meshes/Separate_Parts/PT_Female_Armor_05_C_helmet.fbx
  artifactKey: Guid(712969c6e24572145bb8f4fdfebc687d) Importer(2089858483,0ecaa5967403d082aa24f35e1b516d23)
Start importing Assets/Polytope Studio/Lowpoly_Characters/Sources/Modular_Armors/Meshes/Separate_Parts/PT_Female_Armor_05_C_helmet.fbx using Guid(712969c6e24572145bb8f4fdfebc687d) Importer(2089858483,0ecaa5967403d082aa24f35e1b516d23) Generated GUIDs only implemented for interfaces!
 -> (artifact id: '476fe7942a2dcd080b67fe20f19ef0ad') in 0.038400 seconds
Number of updated asset objects reloaded before import = 0
Number of asset objects unloaded after import = 165
========================================================================
Received Import Request.
  Time since last request: 0.000032 seconds.
  path: Assets/Polytope Studio/Lowpoly_Characters/Sources/Modular_Armors/Textures/PT_Armors_Base_Texture.png
  artifactKey: Guid(004b7cabc9421734bb88a754e99fd641) Importer(2089858483,0ecaa5967403d082aa24f35e1b516d23)
Start importing Assets/Polytope Studio/Lowpoly_Characters/Sources/Modular_Armors/Textures/PT_Armors_Base_Texture.png using Guid(004b7cabc9421734bb88a754e99fd641) Importer(2089858483,0ecaa5967403d082aa24f35e1b516d23) Generated GUIDs only implemented for interfaces!
 -> (artifact id: '72ecdbd143646f0bb1cbc1d7f3410b0f') in 0.042381 seconds
Number of updated asset objects reloaded before import = 0
Number of asset objects unloaded after import = 1
========================================================================
Received Import Request.
  Time since last request: 0.000051 seconds.
  path: Assets/Polytope Studio/Lowpoly_Characters/Sources/Modular_Armors/Meshes/Separate_Parts/PT_Female_Armor_naked_legs.fbx
  artifactKey: Guid(ba55fbc47ef858b41a0fa41acec2604e) Importer(2089858483,0ecaa5967403d082aa24f35e1b516d23)
Start importing Assets/Polytope Studio/Lowpoly_Characters/Sources/Modular_Armors/Meshes/Separate_Parts/PT_Female_Armor_naked_legs.fbx using Guid(ba55fbc47ef858b41a0fa41acec2604e) Importer(2089858483,0ecaa5967403d082aa24f35e1b516d23) Generated GUIDs only implemented for interfaces!
 -> (artifact id: 'cdd4c3c2f35c98b8c24b2edbeba9c894') in 0.050472 seconds
Number of updated asset objects reloaded before import = 0
Number of asset objects unloaded after import = 165
========================================================================
Received Import Request.
  Time since last request: 0.000050 seconds.
  path: Assets/Polytope Studio/Lowpoly_Environments/Sources/Shaders/PT_Vegetation_Foliage_Shader.shader
  artifactKey: Guid(77e1a76a38ecd5a46a270afb12894dd5) Importer(2089858483,0ecaa5967403d082aa24f35e1b516d23)
Start importing Assets/Polytope Studio/Lowpoly_Environments/Sources/Shaders/PT_Vegetation_Foliage_Shader.shader using Guid(77e1a76a38ecd5a46a270afb12894dd5) Importer(2089858483,0ecaa5967403d082aa24f35e1b516d23) Generated GUIDs only implemented for interfaces!
 -> (artifact id: '4903d65d4650848a3d09458bc327025f') in 0.045424 seconds
Number of updated asset objects reloaded before import = 0
Number of asset objects unloaded after import = 1
========================================================================
Received Import Request.
  Time since last request: 0.000077 seconds.
  path: Assets/Polytope Studio/Lowpoly_Characters/Sources/Modular_Armors/Meshes/Separate_Parts/PT_Male_Armor_05_C_legs.fbx
  artifactKey: Guid(4d54dd1e3f13c7c4e90430c5aa72c45f) Importer(2089858483,0ecaa5967403d082aa24f35e1b516d23)
Start importing Assets/Polytope Studio/Lowpoly_Characters/Sources/Modular_Armors/Meshes/Separate_Parts/PT_Male_Armor_05_C_legs.fbx using Guid(4d54dd1e3f13c7c4e90430c5aa72c45f) Importer(2089858483,0ecaa5967403d082aa24f35e1b516d23) Generated GUIDs only implemented for interfaces!
 -> (artifact id: '266ec2370ba3a5505ff58794b1ccc5f1') in 0.047571 seconds
Number of updated asset objects reloaded before import = 0
Number of asset objects unloaded after import = 165
========================================================================
Received Import Request.
  Time since last request: 0.000037 seconds.
  path: Assets/Medieval Castle/Prefabs/Column.prefab
  artifactKey: Guid(0694c2be9a9eae9418f8587aa5efbb64) Importer(2089858483,0ecaa5967403d082aa24f35e1b516d23)
Start importing Assets/Medieval Castle/Prefabs/Column.prefab using Guid(0694c2be9a9eae9418f8587aa5efbb64) Importer(2089858483,0ecaa5967403d082aa24f35e1b516d23) Generated GUIDs only implemented for interfaces!
 -> (artifact id: 'afd0d5dd7122d4fa96bedbb46171070f') in 0.044652 seconds
Number of updated asset objects reloaded before import = 0
Number of asset objects unloaded after import = 8
========================================================================
Received Import Request.
  Time since last request: 0.000029 seconds.
  path: Assets/Polytope Studio/Lowpoly_Characters/Prefabs/Modular_Armors/Separate_Parts/PT_Male_Armor_01_A_cape.prefab
  artifactKey: Guid(b1d4a01b6bf13a641aa692b30a91e0a0) Importer(2089858483,0ecaa5967403d082aa24f35e1b516d23)
Start importing Assets/Polytope Studio/Lowpoly_Characters/Prefabs/Modular_Armors/Separate_Parts/PT_Male_Armor_01_A_cape.prefab using Guid(b1d4a01b6bf13a641aa692b30a91e0a0) Importer(2089858483,0ecaa5967403d082aa24f35e1b516d23) Generated GUIDs only implemented for interfaces!
 -> (artifact id: 'ed82d5cf02d0238bc76b1a9272e64f47') in 0.036825 seconds
Number of updated asset objects reloaded before import = 0
Number of asset objects unloaded after import = 164
========================================================================
Received Import Request.
  Time since last request: 0.000051 seconds.
  path: Assets/Polytope Studio/Lowpoly_Characters/Prefabs/Modular_Armors/Separate_Parts/PT_Male_Armor_05_C_gauntlets.prefab
  artifactKey: Guid(9a2e80b0b124a7e4eb385ada60e70c0f) Importer(2089858483,0ecaa5967403d082aa24f35e1b516d23)
Start importing Assets/Polytope Studio/Lowpoly_Characters/Prefabs/Modular_Armors/Separate_Parts/PT_Male_Armor_05_C_gauntlets.prefab using Guid(9a2e80b0b124a7e4eb385ada60e70c0f) Importer(2089858483,0ecaa5967403d082aa24f35e1b516d23) Generated GUIDs only implemented for interfaces!
 -> (artifact id: 'a42ab33d343a5f5f0a54d7abc7726f2e') in 0.037071 seconds
Number of updated asset objects reloaded before import = 0
Number of asset objects unloaded after import = 164
========================================================================
Received Import Request.
  Time since last request: 0.000026 seconds.
  path: Assets/Medieval Castle/Art/Model/Materials/CastleWallTexture.mat
  artifactKey: Guid(da9a573d7a0024a4d918df62e1720a31) Importer(2089858483,0ecaa5967403d082aa24f35e1b516d23)
Start importing Assets/Medieval Castle/Art/Model/Materials/CastleWallTexture.mat using Guid(da9a573d7a0024a4d918df62e1720a31) Importer(2089858483,0ecaa5967403d082aa24f35e1b516d23) Generated GUIDs only implemented for interfaces!
 -> (artifact id: '646fbffbe77f39e4ef7a12b227f2dcbf') in 0.024151 seconds
Number of updated asset objects reloaded before import = 0
Number of asset objects unloaded after import = 2
========================================================================
Received Import Request.
  Time since last request: 0.000055 seconds.
  path: Assets/Polytope Studio/Lowpoly_Characters/Sources/Modular_Armors/Meshes/Separate_Parts/PT_Male_Armor_01_A_cape.fbx
  artifactKey: Guid(693366c6ce624d640ab2260dfa30f659) Importer(2089858483,0ecaa5967403d082aa24f35e1b516d23)
Start importing Assets/Polytope Studio/Lowpoly_Characters/Sources/Modular_Armors/Meshes/Separate_Parts/PT_Male_Armor_01_A_cape.fbx using Guid(693366c6ce624d640ab2260dfa30f659) Importer(2089858483,0ecaa5967403d082aa24f35e1b516d23) Generated GUIDs only implemented for interfaces!
 -> (artifact id: 'd1048842d7bfbcd08fba3d6a64b17611') in 0.038216 seconds
Number of updated asset objects reloaded before import = 0
Number of asset objects unloaded after import = 165
========================================================================
Received Import Request.
  Time since last request: 0.000033 seconds.
  path: Assets/Polytope Studio/Lowpoly_Weapons/Animations/PT_Bow_01_anim.fbx
  artifactKey: Guid(d1aa0f1723229f343af5a87ebe6aa65a) Importer(2089858483,0ecaa5967403d082aa24f35e1b516d23)
Start importing Assets/Polytope Studio/Lowpoly_Weapons/Animations/PT_Bow_01_anim.fbx using Guid(d1aa0f1723229f343af5a87ebe6aa65a) Importer(2089858483,0ecaa5967403d082aa24f35e1b516d23) Generated GUIDs only implemented for interfaces!
 -> (artifact id: '55f30b73fb98452a65bffbdff667e430') in 0.034309 seconds
Number of updated asset objects reloaded before import = 0
Number of asset objects unloaded after import = 25
========================================================================
Received Import Request.
  Time since last request: 0.000022 seconds.
  path: Assets/Polytope Studio/Lowpoly_Weapons/Sources/Meshes/PT_Pike_01_a.fbx
  artifactKey: Guid(e513c8f64a62f47478d52be13d2979f3) Importer(2089858483,0ecaa5967403d082aa24f35e1b516d23)
Start importing Assets/Polytope Studio/Lowpoly_Weapons/Sources/Meshes/PT_Pike_01_a.fbx using Guid(e513c8f64a62f47478d52be13d2979f3) Importer(2089858483,0ecaa5967403d082aa24f35e1b516d23) Generated GUIDs only implemented for interfaces!
 -> (artifact id: '1414d931c6c043b335dd388cd266d6a1') in 0.033062 seconds
Number of updated asset objects reloaded before import = 0
Number of asset objects unloaded after import = 7
========================================================================
Received Import Request.
  Time since last request: 0.000023 seconds.
  path: Assets/Medieval Castle/Art/Model/Materials/BridgeTexture.mat
  artifactKey: Guid(5fbbc43ab9bdb8e4d9af0684cfb40f9d) Importer(2089858483,0ecaa5967403d082aa24f35e1b516d23)
Start importing Assets/Medieval Castle/Art/Model/Materials/BridgeTexture.mat using Guid(5fbbc43ab9bdb8e4d9af0684cfb40f9d) Importer(2089858483,0ecaa5967403d082aa24f35e1b516d23) Generated GUIDs only implemented for interfaces!
 -> (artifact id: 'dd9378bf40916fe2fe5caad1e97b6cee') in 0.026254 seconds
Number of updated asset objects reloaded before import = 0
Number of asset objects unloaded after import = 2
========================================================================
Received Import Request.
  Time since last request: 0.000030 seconds.
  path: Assets/Polytope Studio/Lowpoly_Environments/Sources/Textures/PT_Generic_Tree_Leaves_01.png
  artifactKey: Guid(f2ee3ef6a109f0f4b8bfd6f7c1e310f4) Importer(2089858483,0ecaa5967403d082aa24f35e1b516d23)
Start importing Assets/Polytope Studio/Lowpoly_Environments/Sources/Textures/PT_Generic_Tree_Leaves_01.png using Guid(f2ee3ef6a109f0f4b8bfd6f7c1e310f4) Importer(2089858483,0ecaa5967403d082aa24f35e1b516d23) Generated GUIDs only implemented for interfaces!
 -> (artifact id: 'c1773e15fa9e6d4ea409808fd5bde10e') in 0.041142 seconds
Number of updated asset objects reloaded before import = 0
Number of asset objects unloaded after import = 1
========================================================================
Received Import Request.
  Time since last request: 0.000030 seconds.
  path: Assets/Medieval Castle/Prefabs/House A.prefab
  artifactKey: Guid(57ef16ee7712da6409e8836bf6001e3c) Importer(2089858483,0ecaa5967403d082aa24f35e1b516d23)
Start importing Assets/Medieval Castle/Prefabs/House A.prefab using Guid(57ef16ee7712da6409e8836bf6001e3c) Importer(2089858483,0ecaa5967403d082aa24f35e1b516d23) Generated GUIDs only implemented for interfaces!
 -> (artifact id: '9f50b80f92ff0036f92f5245c9a95f04') in 0.042949 seconds
Number of updated asset objects reloaded before import = 0
Number of asset objects unloaded after import = 31
========================================================================
Received Import Request.
  Time since last request: 0.000031 seconds.
  path: Assets/Polytope Studio/Lowpoly_Environments/Prefabs/Trees/PT_Generic_Tree_01_green.prefab
  artifactKey: Guid(11c84dc295c17ba45ac88942f96b2093) Importer(2089858483,0ecaa5967403d082aa24f35e1b516d23)
Start importing Assets/Polytope Studio/Lowpoly_Environments/Prefabs/Trees/PT_Generic_Tree_01_green.prefab using Guid(11c84dc295c17ba45ac88942f96b2093) Importer(2089858483,0ecaa5967403d082aa24f35e1b516d23) Generated GUIDs only implemented for interfaces!
 -> (artifact id: 'f2e6962ae66cdcf1e35ec7c83a346461') in 0.026658 seconds
Number of updated asset objects reloaded before import = 0
Number of asset objects unloaded after import = 20
========================================================================
Received Import Request.
  Time since last request: 0.000048 seconds.
  path: Assets/Polytope Studio/Lowpoly_Weapons/Animations/PT_Bow_03_anim.fbx
  artifactKey: Guid(85c2da5719958a8488eebf866496bbd9) Importer(2089858483,0ecaa5967403d082aa24f35e1b516d23)
Start importing Assets/Polytope Studio/Lowpoly_Weapons/Animations/PT_Bow_03_anim.fbx using Guid(85c2da5719958a8488eebf866496bbd9) Importer(2089858483,0ecaa5967403d082aa24f35e1b516d23) Generated GUIDs only implemented for interfaces!
 -> (artifact id: '173b50cb4ad2de2a0a00269a0cbba796') in 0.033050 seconds
Number of updated asset objects reloaded before import = 0
Number of asset objects unloaded after import = 25
========================================================================
Received Import Request.
  Time since last request: 0.000026 seconds.
  path: Assets/Medieval Castle/Art/Textures/CasaBTextura.png
  artifactKey: Guid(515e2eaa313418141b26f52044132684) Importer(2089858483,0ecaa5967403d082aa24f35e1b516d23)
Start importing Assets/Medieval Castle/Art/Textures/CasaBTextura.png using Guid(515e2eaa313418141b26f52044132684) Importer(2089858483,0ecaa5967403d082aa24f35e1b516d23) Generated GUIDs only implemented for interfaces!
 -> (artifact id: '81c2ec73e4fe958867225325083b1d6a') in 0.043985 seconds
Number of updated asset objects reloaded before import = 0
Number of asset objects unloaded after import = 1
========================================================================
Received Import Request.
  Time since last request: 0.000032 seconds.
  path: Assets/Scenes/MainGame.unity
  artifactKey: Guid(3fe309cc83bf44eafbf608b66f3fa3bd) Importer(2089858483,0ecaa5967403d082aa24f35e1b516d23)
Start importing Assets/Scenes/MainGame.unity using Guid(3fe309cc83bf44eafbf608b66f3fa3bd) Importer(2089858483,0ecaa5967403d082aa24f35e1b516d23) Generated GUIDs only implemented for interfaces!
 -> (artifact id: 'cb31f4813c0a18467e68d0c409ddaea5') in 0.019154 seconds
Number of updated asset objects reloaded before import = 0
Number of asset objects unloaded after import = 1
========================================================================
Received Import Request.
  Time since last request: 4.688955 seconds.
  path: Assets/Scenes
  artifactKey: Guid(04870717f11244ac583d3563988bb730) Importer(815301076,1909f56bfc062723c751e8b465ee728b)
Start importing Assets/Scenes using Guid(04870717f11244ac583d3563988bb730) Importer(815301076,1909f56bfc062723c751e8b465ee728b)  -> (artifact id: 'e17675f79fb49ea5636c082691f99d06') in 0.000754 seconds
Number of updated asset objects reloaded before import = 0
Number of asset objects unloaded after import = 0
========================================================================
Received Import Request.
  Time since last request: 12.732187 seconds.
  path: Assets/Scenes/MainGame.unity
  artifactKey: Guid(3fe309cc83bf44eafbf608b66f3fa3bd) Importer(815301076,1909f56bfc062723c751e8b465ee728b)
Start importing Assets/Scenes/MainGame.unity using Guid(3fe309cc83bf44eafbf608b66f3fa3bd) Importer(815301076,1909f56bfc062723c751e8b465ee728b)  -> (artifact id: '49912b8933fece44a922c90a6d1cfbd2') in 0.001038 seconds
Number of updated asset objects reloaded before import = 0
Number of asset objects unloaded after import = 0
========================================================================
Received Import Request.
  Time since last request: 2.027490 seconds.
  path: Assets/Scenes/MainMenu.unity
  artifactKey: Guid(737077b6eb5384466b1433cf6ca99939) Importer(815301076,1909f56bfc062723c751e8b465ee728b)
Start importing Assets/Scenes/MainMenu.unity using Guid(737077b6eb5384466b1433cf6ca99939) Importer(815301076,1909f56bfc062723c751e8b465ee728b)  -> (artifact id: 'b510f29c254472442a83b4f0a1a032e5') in 0.000849 seconds
Number of updated asset objects reloaded before import = 0
Number of asset objects unloaded after import = 0
========================================================================
Received Import Request.
  Time since last request: 2.935763 seconds.
  path: Assets/Scenes/SampleScene.unity
  artifactKey: Guid(9fc0d4010bbf28b4594072e72b8655ab) Importer(815301076,1909f56bfc062723c751e8b465ee728b)
Start importing Assets/Scenes/SampleScene.unity using Guid(9fc0d4010bbf28b4594072e72b8655ab) Importer(815301076,1909f56bfc062723c751e8b465ee728b)  -> (artifact id: 'e1f59831343c0ffa1563c614994303d0') in 0.000783 seconds
Number of updated asset objects reloaded before import = 0
Number of asset objects unloaded after import = 0
